2024-07-06 09:19:52,268 level=INFO user=nisha clustername=ni-cld-new-2 provider=CloudStack project=default-sparkling-unicorn msg=ni-cld-new-2 created 
2024-07-08 06:53:15,126 level=INFO user=nisha clustername=ni-cloud-new provider=CloudStack project=default-sparkling-unicorn msg=ni-cloud-new created 
2024-07-09 06:59:06,928 level=INFO user=nisha clustername=ni-cluster-v9 provider=CloudStack project=default-sparkling-unicorn msg=ni-cluster-v9 created 
2024-07-09 07:03:06,958 level=INFO user=nisha clustername=ni-k8s-cluster provider=Kubernetes project=default-sparkling-unicorn msg=ni-k8s-cluster created 
2024-07-09 07:24:23,116 level=INFO user=nisha clustername=k8s-new-209 provider=Kubernetes project=default-sparkling-unicorn msg=k8s-new-209 created 
2024-07-19 09:54:09,164 level=INFO user=mrankitvish clustername=ankitd16pg provider=CloudStack project=default-creative-garden msg=ankitd16pg created 
2024-07-19 10:22:13,828 level=INFO user=ankitd clustername=ankkuuu provider=CloudStack project=default-vibrant-harmony msg=ankkuuu created 
2024-07-19 10:32:55,766 level=INFO user=ankitd clustername=ankuu-16 provider=CloudStack project=default-vibrant-harmony msg=ankuu-16 created 
2024-07-19 10:38:57,104 level=INFO user=ankitd clustername=barman-test provider=CloudStack project=default-vibrant-harmony msg=barman-test created 
2024-07-20 12:43:47,970 level=INFO user=ankitd clustername=ad provider=CloudStack project=default-creative-garden msg=ad created 
2024-07-20 13:22:20,310 level=INFO user=ankitd clustername=addb provider=CloudStack project=default-creative-garden msg=addb created 
2024-07-20 15:58:40,425 level=INFO user=ankitd clustername=ankud provider=CloudStack project=default-creative-garden msg=ankud created 
2024-07-20 16:52:58,479 level=INFO user=ankitd clustername=anku-db provider=CloudStack project=default-creative-garden msg=anku-db created 
2024-07-21 12:20:09,621 level=INFO user=ankitd clustername=andw provider=CloudStack project=default-creative-garden msg=andw created 
2024-07-22 09:57:51,269 level=INFO user=ankitd clustername=ankitd-demo provider=CloudStack project=default-colorful-garden msg=ankitd-demo created 
2024-07-23 06:41:09,534 level=INFO user=ankitd clustername=ank provider=Kubernetes project=default-colorful-garden msg=ank created 
2024-07-23 06:45:17,988 level=INFO user=ankitd clustername=ankitd provider=Kubernetes project=default-colorful-garden msg=ankitd created 
2024-07-24 06:51:07,953 level=INFO user=ankitd clustername=add provider=CloudStack project=default-colorful-garden msg=add created 
2024-07-24 07:06:32,077 level=INFO user=ankitd clustername=add provider=CloudStack project=default-colorful-garden msg=add created 
2024-07-24 07:41:48,843 level=INFO user=ankitd clustername=dwi provider=CloudStack project=default-colorful-garden msg=dwi created 
2024-07-24 07:53:21,227 level=INFO user=ankitd clustername=ankuu provider=CloudStack project=default-colorful-garden msg=ankuu created 
2024-07-29 07:54:41,160 level=INFO user=ankitd clustername=ankitd-ha-airgap provider=CloudStack project=default-colorful-garden msg=ankitd-ha-airgap created 
2024-08-17 07:32:45,984 level=INFO user=nisha clustername=ni-k8s-creation provider=Kubernetes project=default-colorful-garden msg=ni-k8s-creation created 
2024-08-17 09:05:36,703 level=INFO user=nisha clustername=ni-k8s-bitblast-test provider=Kubernetes project=default-colorful-garden msg=ni-k8s-bitblast-test created 
2024-08-17 09:27:37,406 level=INFO user=nisha clustername=k8s-linux provider=Kubernetes project=default-colorful-garden msg=k8s-linux created 
2024-08-17 09:37:26,799 level=INFO user=nisha clustername=ni-key50-k8s provider=Kubernetes project=default-colorful-garden msg=ni-key50-k8s created 
2024-08-17 09:45:34,011 level=INFO user=nisha clustername=ni-k8s-90-key provider=Kubernetes project=default-colorful-garden msg=ni-k8s-90-key created 
2024-08-17 09:48:50,533 level=INFO user=nisha clustername=ni-k8s-50-cluster provider=Kubernetes project=default-colorful-garden msg=ni-k8s-50-cluster created 
2024-08-17 09:51:53,406 level=INFO user=nisha clustername=ni-k8s-90-cluster provider=Kubernetes project=default-colorful-garden msg=ni-k8s-90-cluster created 
2024-08-19 05:03:00,556 level=INFO user=nisha clustername=ni-cluster-k8s-bitblast provider=Kubernetes project=default-sparkling-harmony msg=ni-cluster-k8s-bitblast created 
2024-08-19 05:05:25,850 level=INFO user=nisha clustername=ni-cluster-k8s-edb provider=Kubernetes project=default-sparkling-harmony msg=ni-cluster-k8s-edb created 
2024-08-21 07:54:14,449 level=INFO user=nisha clustername=ni-k8s-90867 provider=Kubernetes project=default-sparkling-harmony msg=ni-k8s-90867 created 
2024-08-21 10:26:24,152 level=INFO user=nisha clustername=ni-cluster-90 provider=Kubernetes project=default-sparkling-harmony msg=ni-cluster-90 created 
2024-08-21 10:53:26,933 level=INFO user=nisha clustername=preeti-ni-k8s-cluster provider=Kubernetes project=default-sparkling-harmony msg=preeti-ni-k8s-cluster created 
