2024-07-05 10:49:37,467 level=INFO user=nisha clusterName=ni-cld-testing msg=ni-cld-testing deleted 
2024-07-08 07:12:31,440 level=INFO user=nisha clusterName=ni-cloud-new msg=ni-cloud-new deleted 
2024-07-09 07:13:05,162 level=INFO user=nisha clusterName=ni-cluster-v9 msg=ni-cluster-v9 deleted 
2024-07-09 07:16:19,225 level=INFO user=nisha clusterName=ni-k8s-cluster msg=ni-k8s-cluster deleted 
2024-07-09 07:24:53,697 level=INFO user=nisha clusterName=k8s-new-209 msg=k8s-new-209 deleted 
2024-07-19 09:55:37,622 level=INFO user=mrankitvish clusterName=ankitd16pg msg=ankitd16pg deleted 
2024-07-19 10:48:00,212 level=INFO user=ankitd clusterName=barman-test msg=barman-test deleted 
2024-07-19 10:49:03,637 level=INFO user=ankitd clusterName=ankuu-16 msg=ankuu-16 deleted 
2024-07-21 10:34:29,015 level=INFO user=ankitd clusterName=addb msg=addb deleted 
2024-07-21 11:37:32,275 level=INFO user=ankitd clusterName=addb msg=addb deleted 
2024-07-21 11:38:09,149 level=INFO user=ankitd clusterName=ankud msg=ankud deleted 
2024-07-21 11:38:44,709 level=INFO user=ankitd clusterName=anku-db msg=anku-db deleted 
2024-07-24 06:43:30,110 level=INFO user=ankitd clusterName=ankitd-demo msg=ankitd-demo deleted 
2024-07-24 06:59:00,712 level=INFO user=ankitd clusterName=add msg=add deleted 
2024-07-24 07:01:00,702 level=INFO user=ankitd clusterName=ad msg=ad deleted 
2024-07-24 07:34:11,282 level=INFO user=ankitd clusterName=add msg=add deleted 
2024-07-24 10:55:16,899 level=INFO user=ankitd clusterName=ankuu msg=ankuu deleted 
2024-07-24 10:56:30,272 level=INFO user=ankitd clusterName=dwi msg=dwi deleted 
2024-08-17 07:43:04,015 level=INFO user=nisha clusterName=ni-k8s-creation msg=ni-k8s-creation deleted 
2024-08-17 09:03:25,940 level=INFO user=nisha clusterName=ni-k8s-creation msg=ni-k8s-creation deleted 
2024-08-17 09:06:33,020 level=INFO user=nisha clusterName=ni-k8s-bitblast-test msg=ni-k8s-bitblast-test deleted 
2024-08-17 09:28:59,122 level=INFO user=nisha clusterName=k8s-linux msg=k8s-linux deleted 
2024-08-17 09:38:23,250 level=INFO user=nisha clusterName=ni-key50-k8s msg=ni-key50-k8s deleted 
2024-08-17 09:49:31,973 level=INFO user=nisha clusterName=ni-k8s-90-key msg=ni-k8s-90-key deleted 
2024-08-17 12:14:51,619 level=INFO user=nisha clusterName=ni-k8s-50-cluster msg=ni-k8s-50-cluster deleted 
2024-08-17 12:15:25,883 level=INFO user=nisha clusterName=ni-k8s-90-cluster msg=ni-k8s-90-cluster deleted 
2024-08-20 06:33:12,571 level=INFO user=nisha clusterName=ni-cluster-k8s-edb msg=ni-cluster-k8s-edb deleted 
2024-08-20 06:33:55,499 level=INFO user=nisha clusterName=ni-cluster-k8s-bitblast msg=ni-cluster-k8s-bitblast deleted 
2024-08-21 07:54:54,947 level=INFO user=nisha clusterName=ni-k8s-90867 msg=ni-k8s-90867 deleted 
2024-08-21 10:27:20,163 level=INFO user=nisha clusterName=ni-cluster-90 msg=ni-cluster-90 deleted 
2024-08-21 10:53:56,273 level=INFO user=nisha clusterName=preeti-ni-k8s-cluster msg=preeti-ni-k8s-cluster deleted 
