2024-07-05 11:08:48,997 level=INFO user=admin role=Admin msg=logged in 
2024-07-06 04:24:10,070 level=INFO user=nisha role=Standard msg=logged in 
2024-07-08 07:27:57,125 level=INFO user=admin role=Admin msg=logged in 
2024-07-08 09:27:23,048 level=INFO user=admin role=Admin msg=logged in 
2024-07-08 09:48:46,683 level=INFO user=admin role=Admin msg=logged in 
2024-07-09 04:29:14,935 level=INFO user=nisha role=Standard msg=logged in 
2024-07-09 05:24:41,949 level=INFO user=rambabu role=Standard msg=logged in 
2024-07-09 05:25:02,838 level=INFO user=admin role=Admin msg=logged in 
2024-07-09 06:47:56,163 level=INFO user=nisha role=Standard msg=logged in 
2024-07-09 07:22:40,728 level=INFO user=nisha role=Standard msg=logged in 
2024-07-09 07:26:51,049 level=INFO user=preeti role=Standard msg=logged in 
2024-07-09 09:22:29,062 level=INFO user=nisha role=Standard msg=logged in 
2024-07-09 09:43:14,325 level=INFO user=admin role=Admin msg=logged in 
2024-07-09 09:44:31,117 level=INFO user=preeti role=Standard msg=logged in 
2024-07-10 04:43:20,531 level=INFO user=admin role=Admin msg=logged in 
2024-07-10 04:44:22,607 level=INFO user=nisha role=Standard msg=logged in 
2024-07-10 04:45:25,528 level=INFO user=admin role=Admin msg=logged in 
2024-07-10 05:08:54,981 level=INFO user=admin role=Admin msg=logged in 
2024-07-10 05:08:55,062 level=INFO user=admin role=Admin msg=logged in 
2024-07-10 05:08:55,253 level=INFO user=admin role=Admin msg=logged in 
2024-07-10 05:09:17,370 level=INFO user=admin role=Admin msg=logged in 
2024-07-10 05:10:17,174 level=INFO user=nisha role=Standard msg=logged in 
2024-07-10 06:09:28,030 level=INFO user=admin role=Admin msg=logged in 
2024-07-10 06:29:47,640 level=INFO user=nisha role=Standard msg=logged in 
2024-07-10 06:35:20,459 level=INFO user=admin role=Admin msg=logged in 
2024-07-11 09:53:46,403 level=INFO user=admin role=Admin msg=logged in 
2024-07-11 09:53:46,420 level=INFO user=admin role=Admin msg=logged in 
2024-07-11 09:53:46,641 level=INFO user=admin role=Admin msg=logged in 
2024-07-11 09:56:27,423 level=INFO user=preetin role=Standard msg=logged in 
2024-07-11 09:56:27,461 level=INFO user=preetin role=Standard msg=logged in 
2024-07-11 09:56:28,064 level=INFO user=preetin role=Standard msg=logged in 
2024-07-12 07:12:07,111 level=INFO user=admin role=Admin msg=logged in 
2024-07-12 07:12:07,148 level=INFO user=admin role=Admin msg=logged in 
2024-07-12 07:12:07,168 level=INFO user=admin role=Admin msg=logged in 
2024-07-12 07:13:51,897 level=INFO user=preetin role=Standard msg=logged in 
2024-07-12 07:13:51,997 level=INFO user=preetin role=Standard msg=logged in 
2024-07-12 07:13:52,042 level=INFO user=preetin role=Standard msg=logged in 
2024-07-12 10:39:16,124 level=INFO user=preetin role=Standard msg=logged in 
2024-07-12 10:39:16,173 level=INFO user=preetin role=Standard msg=logged in 
2024-07-12 10:39:16,213 level=INFO user=preetin role=Standard msg=logged in 
2024-07-13 10:12:12,037 level=INFO user=preetin role=Standard msg=logged in 
2024-07-13 10:12:12,115 level=INFO user=preetin role=Standard msg=logged in 
2024-07-13 10:12:12,170 level=INFO user=preetin role=Standard msg=logged in 
2024-07-15 05:49:21,935 level=INFO user=admin role=Admin msg=logged in 
2024-07-15 05:49:22,126 level=INFO user=admin role=Admin msg=logged in 
2024-07-15 05:49:22,171 level=INFO user=admin role=Admin msg=logged in 
2024-07-15 05:52:43,635 level=INFO user=preetin role=Standard msg=logged in 
2024-07-15 05:52:43,693 level=INFO user=preetin role=Standard msg=logged in 
2024-07-15 05:52:43,739 level=INFO user=preetin role=Standard msg=logged in 
2024-07-15 06:02:28,653 level=INFO user=admin role=Admin msg=logged in 
2024-07-15 06:02:28,769 level=INFO user=admin role=Admin msg=logged in 
2024-07-15 06:02:28,818 level=INFO user=admin role=Admin msg=logged in 
2024-07-19 09:17:05,440 level=INFO user=admin role=Admin msg=logged in 
2024-07-19 09:17:05,499 level=INFO user=admin role=Admin msg=logged in 
2024-07-19 09:17:05,526 level=INFO user=admin role=Admin msg=logged in 
2024-07-19 09:18:20,549 level=INFO user=mrankitvish role=Standard msg=logged in 
2024-07-19 09:18:20,617 level=INFO user=mrankitvish role=Standard msg=logged in 
2024-07-19 09:18:20,692 level=INFO user=mrankitvish role=Standard msg=logged in 
2024-07-19 09:28:35,094 level=INFO user=admin role=Admin msg=logged in 
2024-07-19 09:28:35,158 level=INFO user=admin role=Admin msg=logged in 
2024-07-19 09:28:35,178 level=INFO user=admin role=Admin msg=logged in 
2024-07-19 09:30:54,672 level=INFO user=mrankitvish role=Standard msg=logged in 
2024-07-19 09:32:27,260 level=INFO user=mrankitvish role=Standard msg=logged in 
2024-07-19 09:35:33,690 level=INFO user=mrankitvish role=Standard msg=logged in 
2024-07-19 09:50:17,395 level=INFO user=mrankitvish role=Standard msg=logged in 
2024-07-19 09:56:35,497 level=INFO user=admin role=Admin msg=logged in 
2024-07-19 10:10:52,668 level=INFO user=admin role=Admin msg=logged in 
2024-07-19 10:10:52,868 level=INFO user=admin role=Admin msg=logged in 
2024-07-19 10:10:52,952 level=INFO user=admin role=Admin msg=logged in 
2024-07-19 10:11:54,669 level=INFO user=ankitd role=Standard msg=logged in 
2024-07-19 10:39:18,742 level=INFO user=mrankitvish role=Standard msg=logged in 
2024-07-19 10:40:09,272 level=INFO user=admin role=Admin msg=logged in 
2024-07-19 10:41:34,095 level=INFO user=ankitd role=Standard msg=logged in 
2024-07-19 10:44:22,142 level=INFO user=mrankitvish role=Standard msg=logged in 
2024-07-19 10:45:30,454 level=INFO user=mrankitvish role=Standard msg=logged in 
2024-07-20 09:18:08,068 level=INFO user=admin role=Admin msg=logged in 
2024-07-20 09:19:05,438 level=INFO user=ankitd role=Standard msg=logged in 
2024-07-20 11:15:30,269 level=INFO user=admin role=Admin msg=logged in 
2024-07-20 11:16:23,960 level=INFO user=ankitd role=Standard msg=logged in 
2024-07-20 12:53:41,535 level=INFO user=admin role=Admin msg=logged in 
2024-07-20 12:57:04,013 level=INFO user=ankitd role=Standard msg=logged in 
2024-07-22 09:16:44,895 level=INFO user=admin role=Admin msg=logged in 
2024-07-22 09:16:45,028 level=INFO user=admin role=Admin msg=logged in 
2024-07-22 09:16:45,128 level=INFO user=admin role=Admin msg=logged in 
2024-07-22 09:17:56,623 level=INFO user=ankitv role=Standard msg=logged in 
2024-07-22 09:17:56,660 level=INFO user=ankitv role=Standard msg=logged in 
2024-07-22 09:17:56,848 level=INFO user=ankitv role=Standard msg=logged in 
2024-07-23 04:10:50,272 level=INFO user=ankitd role=Standard msg=logged in 
2024-07-24 06:19:41,137 level=INFO user=ankitd role=Standard msg=logged in 
2024-07-24 06:42:30,904 level=INFO user=ankitd role=Standard msg=logged in 
2024-07-24 06:58:48,324 level=INFO user=ankitd role=Standard msg=logged in 
2024-07-24 07:24:22,752 level=INFO user=ankitd role=Standard msg=logged in 
2024-07-24 10:15:23,572 level=INFO user=ankitv role=Standard msg=logged in 
2024-07-24 10:15:51,399 level=INFO user=admin role=Admin msg=logged in 
2024-07-24 10:15:51,423 level=INFO user=admin role=Admin msg=logged in 
2024-07-24 10:15:51,478 level=INFO user=admin role=Admin msg=logged in 
2024-07-24 10:19:15,981 level=INFO user=ankitv role=Standard msg=logged in 
2024-07-24 10:19:41,839 level=INFO user=admin role=Admin msg=logged in 
2024-07-24 10:19:41,880 level=INFO user=admin role=Admin msg=logged in 
2024-07-24 10:19:41,913 level=INFO user=admin role=Admin msg=logged in 
2024-07-30 04:53:29,644 level=INFO user=ankitd role=Standard msg=logged in 
2024-08-01 09:34:49,477 level=INFO user=admin role=Admin msg=logged in 
2024-08-01 09:36:34,239 level=INFO user=Administrator role= msg=logged in 
2024-08-01 09:36:57,833 level=INFO user=nisha role=Standard msg=logged in 
2024-08-01 10:43:09,581 level=INFO user=admin role=Admin msg=logged in 
2024-08-01 10:48:36,423 level=INFO user=nisha role=Standard msg=logged in 
2024-08-01 12:00:45,814 level=INFO user=nisha role=Standard msg=logged in 
2024-08-01 12:14:12,146 level=INFO user=admin role=Admin msg=logged in 
2024-08-01 12:15:14,007 level=INFO user=Administrator role=Standard msg=logged in 
2024-08-01 12:44:39,739 level=INFO user=admin role=Admin msg=logged in 
2024-08-01 12:44:39,837 level=INFO user=admin role=Admin msg=logged in 
2024-08-01 12:44:39,961 level=INFO user=admin role=Admin msg=logged in 
2024-08-01 12:45:32,152 level=INFO user=preetin role=Standard msg=logged in 
2024-08-01 12:45:32,197 level=INFO user=preetin role=Standard msg=logged in 
2024-08-01 12:45:32,303 level=INFO user=preetin role=Standard msg=logged in 
2024-08-01 12:46:25,566 level=INFO user=Administrator role=Standard msg=logged in 
2024-08-01 13:00:02,593 level=INFO user=Administrator role=Standard msg=logged in 
2024-08-01 13:00:10,465 level=INFO user=Administrator role=Standard msg=logged in 
2024-08-01 13:01:06,324 level=INFO user=Administrator role=Standard msg=logged in 
2024-08-02 05:42:18,815 level=INFO user=preetin role=Standard msg=logged in 
2024-08-02 05:42:18,962 level=INFO user=preetin role=Standard msg=logged in 
2024-08-02 05:42:19,002 level=INFO user=preetin role=Standard msg=logged in 
2024-08-02 05:46:08,246 level=INFO user=admin role=Admin msg=logged in 
2024-08-02 05:46:08,331 level=INFO user=admin role=Admin msg=logged in 
2024-08-02 05:46:08,440 level=INFO user=admin role=Admin msg=logged in 
2024-08-02 07:55:47,041 level=INFO user=preetin role=Standard msg=logged in 
2024-08-02 07:55:47,113 level=INFO user=preetin role=Standard msg=logged in 
2024-08-02 07:55:47,131 level=INFO user=preetin role=Standard msg=logged in 
2024-08-05 06:06:10,269 level=INFO user=preetin role=Standard msg=logged in 
2024-08-05 06:06:10,307 level=INFO user=preetin role=Standard msg=logged in 
2024-08-05 06:06:10,561 level=INFO user=preetin role=Standard msg=logged in 
2024-08-06 07:55:35,410 level=INFO user=preetin role=Standard msg=logged in 
2024-08-06 07:55:35,426 level=INFO user=preetin role=Standard msg=logged in 
2024-08-06 07:55:35,470 level=INFO user=preetin role=Standard msg=logged in 
2024-08-09 05:10:34,236 level=INFO user=admin role=Admin msg=logged in 
2024-08-09 05:11:53,085 level=INFO user=nisha role=Standard msg=logged in 
2024-08-09 05:28:42,959 level=INFO user=nisha role=Standard msg=logged in 
2024-08-09 05:33:07,681 level=INFO user=Administrator role=Standard msg=logged in 
2024-08-09 05:36:18,209 level=INFO user=nisha role=Standard msg=logged in 
2024-08-09 07:08:09,307 level=INFO user=admin role=Admin msg=logged in 
2024-08-09 07:10:12,776 level=INFO user=nisha role=Standard msg=logged in 
2024-08-16 09:50:20,739 level=INFO user=nisha role=Standard msg=logged in 
2024-08-17 05:27:07,029 level=INFO user=nisha role=Standard msg=logged in 
2024-08-17 05:27:28,797 level=INFO user=rambabu role= msg=logged in 
2024-08-17 05:27:35,897 level=INFO user=rambabu role= msg=logged in 
2024-08-17 05:28:15,009 level=INFO user=admin role=Admin msg=logged in 
2024-08-17 05:28:27,321 level=INFO user=admin role=Admin msg=logged in 
2024-08-17 05:42:26,025 level=INFO user=Administrator role=Standard msg=logged in 
2024-08-17 05:45:54,172 level=INFO user=Administrator role=Standard msg=logged in 
2024-08-17 05:47:03,312 level=INFO user=Administrator role=Standard msg=logged in 
2024-08-17 05:48:07,098 level=INFO user=nisha role=Standard msg=logged in 
2024-08-17 05:51:51,971 level=INFO user=nisha role=Standard msg=logged in 
2024-08-17 07:03:43,110 level=INFO user=nisha role=Standard msg=logged in 
2024-08-17 07:25:57,472 level=INFO user=nisha role=Standard msg=logged in 
2024-08-17 09:01:44,754 level=INFO user=nisha role=Standard msg=logged in 
2024-08-17 09:22:36,791 level=INFO user=nisha role=Standard msg=logged in 
2024-08-17 12:09:44,018 level=INFO user=nisha role=Standard msg=logged in 
2024-08-19 04:53:09,049 level=INFO user=nisha role=Standard msg=logged in 
2024-08-19 04:54:57,165 level=INFO user=nisha role=Standard msg=logged in 
2024-08-19 04:55:24,895 level=INFO user=admin role=Admin msg=logged in 
2024-08-19 04:57:43,233 level=INFO user=nisha role=Standard msg=logged in 
2024-08-20 04:44:00,471 level=INFO user=nisha role=Standard msg=logged in 
2024-08-20 04:52:19,546 level=INFO user=admin role=Admin msg=logged in 
2024-08-20 04:53:37,735 level=INFO user=nisha role=Standard msg=logged in 
2024-08-20 06:21:43,497 level=INFO user=nisha role=Standard msg=logged in 
2024-08-21 07:21:12,689 level=INFO user=nisha role=Standard msg=logged in 
2024-08-21 07:35:51,361 level=INFO user=admin role=Admin msg=logged in 
2024-08-21 09:16:20,022 level=INFO user=admin role=Admin msg=logged in 
2024-08-21 09:22:51,880 level=INFO user=admin role=Admin msg=logged in 
2024-08-21 09:25:06,938 level=INFO user=rambabu role= msg=logged in 
2024-08-21 09:25:21,157 level=INFO user=admin role=Admin msg=logged in 
2024-08-21 09:25:55,807 level=INFO user=rambabu role=Standard msg=logged in 
2024-08-21 09:26:08,928 level=INFO user=nisha role=Standard msg=logged in 
2024-08-21 09:29:41,577 level=INFO user=rambabu role=Standard msg=logged in 
2024-08-21 09:29:54,405 level=INFO user=nisha role=Standard msg=logged in 
2024-08-21 09:36:50,226 level=INFO user=nisha role=Standard msg=logged in 
2024-08-21 09:42:48,630 level=INFO user=rambabu role=Standard msg=logged in 
2024-08-21 09:43:03,794 level=INFO user=admin role=Admin msg=logged in 
2024-08-21 11:43:53,230 level=INFO user=admin role=Admin msg=logged in 
