2024-07-05 10:22:12,046 level=INFO user=nisha msg=logged out 
2024-07-05 10:22:36,464 level=INFO user=nisha msg=logged out 
2024-07-05 10:41:26,901 level=INFO user=admin msg=logged out 
2024-07-08 09:27:07,189 level=INFO user=admin msg=logged out 
2024-07-08 09:38:08,309 level=INFO user=admin msg=logged out 
2024-07-09 05:24:50,849 level=INFO user=rambabu msg=logged out 
2024-07-09 05:30:44,927 level=INFO user=nisha msg=logged out 
2024-07-09 07:22:31,377 level=INFO user=nisha msg=logged out 
2024-07-09 07:26:39,469 level=INFO user=nisha msg=logged out 
2024-07-09 08:57:37,418 level=INFO user=preeti msg=logged out 
2024-07-09 09:22:45,655 level=INFO user=nisha msg=logged out 
2024-07-09 09:44:13,013 level=INFO user=admin msg=logged out 
2024-07-10 04:44:13,140 level=INFO user=admin msg=logged out 
2024-07-10 05:08:37,300 level=INFO user=admin msg=logged out 
2024-07-10 05:10:06,072 level=INFO user=admin msg=logged out 
2024-07-10 06:29:32,395 level=INFO user=admin msg=logged out 
2024-07-11 09:56:08,574 level=INFO user=admin msg=logged out 
2024-07-12 07:13:32,464 level=INFO user=admin msg=logged out 
2024-07-15 06:02:18,389 level=INFO user=admin msg=logged out 
2024-07-19 09:18:10,952 level=INFO user=admin msg=logged out 
2024-07-19 09:30:48,806 level=INFO user=admin msg=logged out 
2024-07-19 09:31:48,659 level=INFO user=mrankitvish msg=logged out 
2024-07-19 09:35:33,651 level=INFO user=mrankitvish msg=logged out 
2024-07-19 09:49:02,533 level=INFO user=mrankitvish msg=logged out 
2024-07-19 09:56:24,422 level=INFO user=mrankitvish msg=logged out 
2024-07-19 10:11:50,986 level=INFO user=admin msg=logged out 
2024-07-19 10:39:56,159 level=INFO user=ankitd msg=logged out 
2024-07-19 10:41:28,150 level=INFO user=admin msg=logged out 
2024-07-19 10:45:25,772 level=INFO user=mrankitvish msg=logged out 
2024-07-20 09:18:51,366 level=INFO user=admin msg=logged out 
2024-07-20 11:15:21,592 level=INFO user=ankitd msg=logged out 
2024-07-20 11:16:19,342 level=INFO user=admin msg=logged out 
2024-07-20 12:53:36,642 level=INFO user=ankitd msg=logged out 
2024-07-20 12:56:57,655 level=INFO user=admin msg=logged out 
2024-07-22 09:17:46,765 level=INFO user=admin msg=logged out 
2024-07-24 06:19:35,327 level=INFO user=ankitd msg=logged out 
2024-07-24 06:42:25,516 level=INFO user=ankitd msg=logged out 
2024-07-24 06:58:43,668 level=INFO user=ankitd msg=logged out 
2024-07-24 07:24:17,592 level=INFO user=ankitd msg=logged out 
2024-07-24 10:15:43,066 level=INFO user=ankitv msg=logged out 
2024-07-24 10:19:10,585 level=INFO user=admin msg=logged out 
2024-07-24 10:19:32,039 level=INFO user=ankitv msg=logged out 
2024-07-30 04:51:53,176 level=INFO user=ankitd msg=logged out 
2024-08-01 10:28:48,959 level=INFO user=admin msg=logged out 
2024-08-01 12:13:12,867 level=INFO user=nisha msg=logged out 
2024-08-01 12:45:19,879 level=INFO user=admin msg=logged out 
2024-08-01 12:45:36,665 level=INFO user=preetin msg=logged out 
2024-08-02 05:45:59,309 level=INFO user=preetin msg=logged out 
2024-08-09 05:15:02,772 level=INFO user=nisha msg=logged out 
2024-08-09 05:28:48,784 level=INFO user=nisha msg=logged out 
2024-08-09 05:33:15,502 level=INFO user=Administrator msg=logged out 
2024-08-17 05:27:14,966 level=INFO user=nisha msg=logged out 
2024-08-17 05:45:23,714 level=INFO user=Administrator msg=logged out 
2024-08-17 05:45:57,415 level=INFO user=Administrator msg=logged out 
2024-08-17 05:47:08,174 level=INFO user=Administrator msg=logged out 
2024-08-17 05:48:12,300 level=INFO user=nisha msg=logged out 
2024-08-17 12:37:31,194 level=INFO user=nisha msg=logged out 
2024-08-19 04:54:47,071 level=INFO user=nisha msg=logged out 
2024-08-19 04:55:14,615 level=INFO user=nisha msg=logged out 
2024-08-19 04:57:30,462 level=INFO user=admin msg=logged out 
2024-08-20 04:52:09,154 level=INFO user=nisha msg=logged out 
2024-08-21 09:22:41,966 level=INFO user=admin msg=logged out 
2024-08-21 09:24:53,423 level=INFO user=admin msg=logged out 
2024-08-21 09:25:40,658 level=INFO user=admin msg=logged out 
2024-08-21 09:26:00,866 level=INFO user=rambabu msg=logged out 
2024-08-21 09:29:24,086 level=INFO user=nisha msg=logged out 
2024-08-21 09:36:38,897 level=INFO user=nisha msg=logged out 
2024-08-21 09:42:32,803 level=INFO user=rambabu msg=logged out 
2024-08-21 09:42:54,817 level=INFO user=rambabu msg=logged out 
2024-08-21 11:42:54,017 level=INFO user=nisha msg=logged out 
